This file contains any messages produced by compilers while
running configure, to aid debugging if configure makes a mistake.

It was created by nceplibs w3emc configure v2.3.0, which was
generated by GNU Autoconf 2.63.  Invocation command line was

  $ ./configure --prefix=/usrx/local/nceplibs/dev/NCEPLIBS/src/w3emc_v2.4.0 --enable-promote=4

## --------- ##
## Platform. ##
## --------- ##

hostname = m71a1
uname -m = x86_64
uname -r = 3.10.0-862.41.1.el7.x86_64
uname -s = Linux
uname -v = #1 SMP Thu Aug 8 11:50:24 UTC 2019

/usr/bin/uname -p = x86_64
/bin/uname -X     = unknown

/bin/arch              = x86_64
/usr/bin/arch -k       = unknown
/usr/convex/getsysinfo = unknown
/usr/bin/hostinfo      = unknown
/bin/machine           = unknown
/usr/bin/oslevel       = unknown
/bin/universe          = unknown

PATH: /usrx/local/dev/packages/python/2.7.14/bin
PATH: /usrx/local/dev/packages/ImageMagick/6.9.9-25/bin
PATH: /usrx/local/dev/packages/grads/2.2.0/bin
PATH: /usrx/local/prod/packages/cmake/3.10.0/bin
PATH: /usrx/local/dev/packages/git/2.14.3/bin
PATH: /gpfs/dell3/usrx/local/dev/emc_rocoto/rocoto-1.3.0rc2/bin
PATH: /gpfs/dell3/usrx/local/dev/emc_rocoto/ruby-2.5.1/bin
PATH: /gpfs/dell1/nco/ops/nwprod/prod_util.v1.1.0/ush
PATH: /usrx/local/prod/packages/rsync/3.1.2/bin
PATH: /usrx/local/prod/packages/hpss
PATH: /usrx/local/prod/packages/subversion/1.7.16/bin
PATH: /usrx/local/prod/packages/pm5/1.0/bin
PATH: /gpfs/lsf/10.1/linux3.10-glibc2.17-x86_64/etc
PATH: /gpfs/lsf/10.1/linux3.10-glibc2.17-x86_64/bin
PATH: /usrx/local/prod/packages/ips/18.0.1/netcdf/4.5.0/bin
PATH: /usrx/local/prod/intel/2018UP01/advisor_2018/bin64
PATH: /usrx/local/prod/intel/2018UP01/vtune_amplifier_2018/bin64
PATH: /usrx/local/prod/intel/2018UP01/inspector_2018/bin64
PATH: /usrx/local/prod/intel/2018UP01/itac_latest/bin
PATH: /usrx/local/prod/intel/2018UP01/clck_latest/bin/intel64
PATH: /usrx/local/prod/intel/2018UP01/compilers_and_libraries/linux/bin/intel64
PATH: /usrx/local/prod/intel/2018UP01/compilers_and_libraries/linux/mpi/bin64
PATH: /usrx/local/prod/intel/2018UP01/debugger_2018/gdb/targets/intel64/x200/bin
PATH: /usrx/local/prod/intel/2018UP01/debugger_2018/gdb/intel64/bin
PATH: /usr/lib64/qt-3.3/bin
PATH: /usr/local/bin
PATH: /usr/bin
PATH: /usr/local/sbin
PATH: /usr/sbin
PATH: /usr/lpp/mmfs/bin
PATH: /opt/ibutils/bin
PATH: /opt/dell/srvadmin/bin
PATH: .
PATH: /u/Hang.Lei/bin
PATH: /gpfs/dell2/emc/modeling/save/Hang.Lei
PATH: /u/Hang.Lei/.local/bin
PATH: /u/Hang.Lei/bin


## ----------- ##
## Core tests. ##
## ----------- ##

configure:1752: nceplibs w3emc v2.3.0
configure:1872: checking for Fortran compiler version
configure:1880: ifort --version >&5
ifort (IFORT) 18.0.1 20171018
Copyright (C) 1985-2017 Intel Corporation.  All rights reserved.

configure:1884: $? = 0
configure:1891: ifort -v >&5
ifort version 18.0.1
configure:1895: $? = 0
configure:1902: ifort -V >&5
Intel(R) Fortran Intel(R) 64 Compiler for applications running on Intel(R) 64, Version 18.0.1.163 Build 20171018
Copyright (C) 1985-2017 Intel Corporation.  All rights reserved.

configure:1906: $? = 0
configure:1920: checking for Fortran compiler default output file name
configure:1942: ifort   -O2  -g  -fPIC  -traceback  -fixed   conftest.f  >&5
configure:1946: $? = 0
configure:1984: result: a.out
configure:2003: checking whether the Fortran compiler works
configure:2013: ./a.out
configure:2017: $? = 0
configure:2036: result: yes
configure:2043: checking whether we are cross compiling
configure:2045: result: no
configure:2048: checking for suffix of executables
configure:2055: ifort -o conftest   -O2  -g  -fPIC  -traceback  -fixed   conftest.f  >&5
configure:2059: $? = 0
configure:2085: result: 
configure:2091: checking for suffix of object files
configure:2107: ifort -c   -O2  -g  -fPIC  -traceback  -fixed  conftest.f >&5
configure:2111: $? = 0
configure:2136: result: o
configure:2144: checking whether we are using the GNU Fortran compiler
configure:2163: ifort -c   -O2  -g  -fPIC  -traceback  -fixed  conftest.F >&5
conftest.F(3): error #5082: Syntax error, found END-OF-STATEMENT when expecting one of: => = . [ % ( :
       choke me
---------------^
compilation aborted for conftest.F (code 1)
configure:2170: $? = 1
configure: failed program was:
|       program main
| #ifndef __GNUC__
|        choke me
| #endif
| 
|       end
configure:2187: result: no
configure:2193: checking whether ifort accepts -g
configure:2210: ifort -c -g  conftest.f >&5
configure:2217: $? = 0
configure:2233: result: yes
configure:2302: checking for a BSD-compatible install
configure:2370: result: /usr/bin/install -c
configure:2424: checking for ranlib
configure:2440: found /usr/bin/ranlib
configure:2451: result: ranlib
configure:2516: checking for ar
configure:2532: found /usr/bin/ar
configure:2543: result: ar
configure:2581: checking for Fortran flag to compile .f files
configure:2603: ifort -c   -O2  -g  -fPIC  -traceback  -fixed  conftest.f >&5
configure:2610: $? = 0
configure:2629: result: none
configure:2666: Building precision 4 version.
configure:2728: Using SIGIO_INC4 value: "/gpfs/dell1/nco/ops/nwprod/lib/sigio/v2.0.1/ips/18.0.1/include/sigio_v2.0.1_4"
configure:2730: Using SIGIO_LIB4 value: "/gpfs/dell1/nco/ops/nwprod/lib/sigio/v2.0.1/ips/18.0.1/libsigio_v2.0.1_4.a"
configure:2732: Using NEMSIO_INC value: "/gpfs/dell1/nco/ops/nwprod/lib/nemsio/v2.2.3/ips/18.0.1/impi/18.0.1/include/nemsio_v2.2.3"
configure:2734: Using NEMSIO_LIB value: "/gpfs/dell1/nco/ops/nwprod/lib/nemsio/v2.2.3/ips/18.0.1/impi/18.0.1/libnemsio_v2.2.3.a"
configure:2736: Using NETCDF_INC value: "/usrx/local/prod/packages/ips/18.0.1/netcdf/4.5.0/include"
configure:2738: Using NETCDF_LIB value: "/usrx/local/prod/packages/ips/18.0.1/netcdf/4.5.0/lib/libnetcdf.a"
configure:2743: checking for library containing sigio_head and nemsio_gfile definition
configure:2760: ifort -o conftest   -O2  -g  -fPIC  -traceback  -fixed -I/usrx/local/prod/packages/ips/18.0.1/netcdf/4.5.0/include -I/gpfs/dell1/nco/ops/nwprod/lib/nemsio/v2.2.3/ips/18.0.1/impi/18.0.1/include/nemsio_v2.2.3 -I/gpfs/dell1/nco/ops/nwprod/lib/sigio/v2.0.1/ips/18.0.1/include/sigio_v2.0.1_4   conftest.f  /usrx/local/prod/packages/ips/18.0.1/netcdf/4.5.0/lib/libnetcdf.a /gpfs/dell1/nco/ops/nwprod/lib/nemsio/v2.2.3/ips/18.0.1/impi/18.0.1/libnemsio_v2.2.3.a /gpfs/dell1/nco/ops/nwprod/lib/sigio/v2.0.1/ips/18.0.1/libsigio_v2.0.1_4.a >&5
configure:2767: $? = 0
configure:2775: result: yes
configure:2932: creating ./config.status

## ---------------------- ##
## Running config.status. ##
## ---------------------- ##

This file was extended by nceplibs w3emc config.status v2.3.0, which was
generated by GNU Autoconf 2.63.  Invocation command line was

  CONFIG_FILES    = 
  CONFIG_HEADERS  = 
  CONFIG_LINKS    = 
  CONFIG_COMMANDS = 
  $ ./config.status 

on m71a1

config.status:653: creating Makefile
config.status:653: creating libsrc/Makefile

## ---------------- ##
## Cache variables. ##
## ---------------- ##

ac_cv_env_FCFLAGS_set=set
ac_cv_env_FCFLAGS_value='  -O2  -g  -fPIC  -traceback  -fixed'
ac_cv_env_FC_set=set
ac_cv_env_FC_value=ifort
ac_cv_env_LDFLAGS_set=
ac_cv_env_LDFLAGS_value=
ac_cv_env_LIBS_set=
ac_cv_env_LIBS_value=
ac_cv_env_build_alias_set=
ac_cv_env_build_alias_value=
ac_cv_env_host_alias_set=
ac_cv_env_host_alias_value=
ac_cv_env_target_alias_set=
ac_cv_env_target_alias_value=
ac_cv_fc_compiler_gnu=no
ac_cv_fc_srcext_f=none
ac_cv_objext=o
ac_cv_path_install='/usr/bin/install -c'
ac_cv_prog_ac_ct_AR=ar
ac_cv_prog_ac_ct_RANLIB=ranlib
ac_cv_prog_fc_g=yes

## ----------------- ##
## Output variables. ##
## ----------------- ##

AR='ar'
ARFLAGS='crvs'
DEFS='-DPACKAGE_NAME=\"nceplibs\ w3emc\" -DPACKAGE_TARNAME=\"w3emc\" -DPACKAGE_VERSION=\"v2.4.0\" -DPACKAGE_STRING=\"nceplibs\ w3emc\ v2.4.0\" -DPACKAGE_BUGREPORT=\"ncep.list.emc.nceplibs.support@noaa.gov\"'
ECHO_C=''
ECHO_N='-n'
ECHO_T=''
EXEEXT=''
FC='ifort'
FCFLAGS='  -O2  -g  -fPIC  -traceback  -fixed -I/usrx/local/prod/packages/ips/18.0.1/netcdf/4.5.0/include -I/gpfs/dell1/nco/ops/nwprod/lib/nemsio/v2.2.3/ips/18.0.1/impi/18.0.1/include/nemsio_v2.2.3 -I/gpfs/dell1/nco/ops/nwprod/lib/sigio/v2.0.1/ips/18.0.1/include/sigio_v2.0.1_4'
FCFLAGS_f=''
FPPFLAGS=''
INSTALL_DATA='${INSTALL} -m 644'
INSTALL_PROGRAM='${INSTALL}'
INSTALL_SCRIPT='${INSTALL}'
LDFLAGS=''
LIBOBJS=''
LIBS=' /usrx/local/prod/packages/ips/18.0.1/netcdf/4.5.0/lib/libnetcdf.a /gpfs/dell1/nco/ops/nwprod/lib/nemsio/v2.2.3/ips/18.0.1/impi/18.0.1/libnemsio_v2.2.3.a /gpfs/dell1/nco/ops/nwprod/lib/sigio/v2.0.1/ips/18.0.1/libsigio_v2.0.1_4.a'
LTLIBOBJS=''
OBJEXT='o'
PACKAGE_BUGREPORT='ncep.list.emc.nceplibs.support@noaa.gov'
PACKAGE_NAME='nceplibs w3emc'
PACKAGE_STRING='nceplibs w3emc v2.4.0'
PACKAGE_TARNAME='w3emc'
PACKAGE_VERSION='v2.4.0'
PATH_SEPARATOR=':'
PRECISION='4'
RANLIB='ranlib'
SHELL='/bin/sh'
ac_ct_FC=''
bindir='${exec_prefix}/bin'
build_alias=''
datadir='${datarootdir}'
datarootdir='${prefix}/share'
docdir='${datarootdir}/doc/${PACKAGE_TARNAME}'
dvidir='${docdir}'
exec_prefix='${prefix}'
host_alias=''
htmldir='${docdir}'
includedir='${prefix}/include'
infodir='${datarootdir}/info'
libdir='${exec_prefix}/lib'
libexecdir='${exec_prefix}/libexec'
localedir='${datarootdir}/locale'
localstatedir='${prefix}/var'
mandir='${datarootdir}/man'
oldincludedir='/usr/include'
pdfdir='${docdir}'
prefix='/usrx/local/nceplibs/dev/NCEPLIBS/src/w3emc_v2.4.0'
program_transform_name='s,x,x,'
psdir='${docdir}'
sbindir='${exec_prefix}/sbin'
sharedstatedir='${prefix}/com'
sysconfdir='${prefix}/etc'
target_alias=''

## ----------- ##
## confdefs.h. ##
## ----------- ##

#define PACKAGE_NAME "nceplibs w3emc"
#define PACKAGE_TARNAME "w3emc"
#define PACKAGE_VERSION "v2.4.0"
#define PACKAGE_STRING "nceplibs w3emc v2.4.0"
#define PACKAGE_BUGREPORT "ncep.list.emc.nceplibs.support@noaa.gov"

configure: exit 0
